Build started 8/13/2011 3:35:39 PM.
     1>Project "D:\Workspace\kinect\libfreenect\build\examples\tiltdemo.vcxproj" on node 5 (build target(s)).
     1>InitializeBuildStatus:
         Touching "tiltdemo.dir\Debug\tiltdemo.unsuccessfulbuild".
       CustomBuild:
         All outputs are up-to-date.
       ClCompile:
         All outputs are up-to-date.
       ManifestResourceCompile:
         All outputs are up-to-date.
       Link:
         D:\Dev\VC\bin\link.exe /ERRORREPORT:PROMPT /OUT:"D:\Workspace\kinect\libfreenect\build\bin\Debug\tiltdemo.exe" /INCREMENTAL /NOLOGO kernel32.lib user32.lib gdi32.lib winspool.lib shell32.lib ole32.lib oleaut32.lib uuid.lib comdlg32.lib advapi32.lib ..\lib\Debug\freenect_sync.lib "D:\Workspace\kinect\pthreads-w32-2-8-0-release\lib\pthreadVC2.lib" ..\lib\Debug\freenect.lib "D:\Workspace\kinect\libusb-win32-bin-1.2.5.0\lib\msvc\libusb.lib" /MANIFEST /ManifestFile:"tiltdemo.dir\Debug\tiltdemo.exe.intermediate.manifest" /MANIFESTUAC:"level='asInvoker' uiAccess='false'" /DEBUG /PDB:"D:\Workspace\kinect\libfreenect\build\bin\Debug\tiltdemo.pdb" /SUBSYSTEM:CONSOLE /STACK:"10000000" /TLBID:1 /DYNAMICBASE /NXCOMPAT /IMPLIB:"D:/Workspace/kinect/libfreenect/build/bin/Debug/tiltdemo.lib" /MACHINE:X86 tiltdemo.dir\Debug\tiltdemo.exe.embed.manifest.res
         tiltdemo.dir\Debug\tiltdemo.obj  /machine:X86 /debug 
       Manifest:
         C:\Program Files\Microsoft SDKs\Windows\v7.0A\bin\mt.exe /nologo /verbose /out:"tiltdemo.dir\Debug\tiltdemo.exe.embed.manifest" /manifest tiltdemo.dir\Debug\tiltdemo.exe.intermediate.manifest
         C:\Program Files\Microsoft SDKs\Windows\v7.0A\bin\rc.exe /nologo /fo"tiltdemo.dir\Debug\tiltdemo.exe.embed.manifest.res" tiltdemo.dir\Debug\tiltdemo_manifest.rc 
       LinkEmbedManifest:
         D:\Dev\VC\bin\link.exe /ERRORREPORT:PROMPT /OUT:"D:\Workspace\kinect\libfreenect\build\bin\Debug\tiltdemo.exe" /INCREMENTAL /NOLOGO kernel32.lib user32.lib gdi32.lib winspool.lib shell32.lib ole32.lib oleaut32.lib uuid.lib comdlg32.lib advapi32.lib ..\lib\Debug\freenect_sync.lib "D:\Workspace\kinect\pthreads-w32-2-8-0-release\lib\pthreadVC2.lib" ..\lib\Debug\freenect.lib "D:\Workspace\kinect\libusb-win32-bin-1.2.5.0\lib\msvc\libusb.lib" /MANIFEST /ManifestFile:"tiltdemo.dir\Debug\tiltdemo.exe.intermediate.manifest" /MANIFESTUAC:"level='asInvoker' uiAccess='false'" /DEBUG /PDB:"D:\Workspace\kinect\libfreenect\build\bin\Debug\tiltdemo.pdb" /SUBSYSTEM:CONSOLE /STACK:"10000000" /TLBID:1 /DYNAMICBASE /NXCOMPAT /IMPLIB:"D:/Workspace/kinect/libfreenect/build/bin/Debug/tiltdemo.lib" /MACHINE:X86 tiltdemo.dir\Debug\tiltdemo.exe.embed.manifest.res
         tiltdemo.dir\Debug\tiltdemo.obj  /machine:X86 /debug 
         tiltdemo.vcxproj -> D:\Workspace\kinect\libfreenect\build\bin\Debug\tiltdemo.exe
       FinalizeBuildStatus:
         Deleting file "tiltdemo.dir\Debug\tiltdemo.unsuccessfulbuild".
         Touching "tiltdemo.dir\Debug\tiltdemo.lastbuildstate".
     1>Done Building Project "D:\Workspace\kinect\libfreenect\build\examples\tiltdemo.vcxproj" (build target(s)).

Build succeeded.

Time Elapsed 00:00:00.68
