Build started 8/13/2011 3:45:11 PM.
     1>Project "D:\Workspace\kinect\libfreenect\build\wrappers\c_sync\freenect_sync.vcxproj" on node 3 (build target(s)).
     1>InitializeBuildStatus:
         Creating "freenect_sync.dir\Debug\freenect_sync.unsuccessfulbuild" because "AlwaysCreate" was specified.
       CustomBuild:
         All outputs are up-to-date.
       ClCompile:
         All outputs are up-to-date.
       ManifestResourceCompile:
         All outputs are up-to-date.
       Link:
         All outputs are up-to-date.
       Manifest:
         All outputs are up-to-date.
       FinalizeBuildStatus:
         Deleting file "freenect_sync.dir\Debug\freenect_sync.unsuccessfulbuild".
         Touching "freenect_sync.dir\Debug\freenect_sync.lastbuildstate".
     1>Done Building Project "D:\Workspace\kinect\libfreenect\build\wrappers\c_sync\freenect_sync.vcxproj" (build target(s)).

Build succeeded.

Time Elapsed 00:00:00.68
