Build started 8/13/2011 3:45:11 PM.
     1>Project "D:\Workspace\kinect\libfreenect\build\examples\hiview.vcxproj" on node 2 (build target(s)).
     1>InitializeBuildStatus:
         Touching "hiview.dir\Debug\hiview.unsuccessfulbuild".
       CustomBuild:
         All outputs are up-to-date.
       ClCompile:
         All outputs are up-to-date.
       ManifestResourceCompile:
         All outputs are up-to-date.
       Link:
         D:\Dev\VC\bin\link.exe /ERRORREPORT:PROMPT /OUT:"D:\Workspace\kinect\libfreenect\build\bin\Debug\hiview.exe" /INCREMENTAL /NOLOGO kernel32.lib user32.lib gdi32.lib winspool.lib shell32.lib ole32.lib oleaut32.lib uuid.lib comdlg32.lib advapi32.lib ..\lib\Debug\freenect.lib glu32.lib opengl32.lib "D:\Workspace\kinect\pthreads-w32-2-8-0-release\lib\pthreadVC2.lib" "D:\Workspace\kinect\libusb-win32-bin-1.2.5.0\lib\msvc\libusb.lib" "D:\Workspace\kinect\glut-3.7.6-bin\glut32.lib" /MANIFEST /ManifestFile:"hiview.dir\Debug\hiview.exe.intermediate.manifest" /MANIFESTUAC:"level='asInvoker' uiAccess='false'" /DEBUG /PDB:"D:\Workspace\kinect\libfreenect\build\bin\Debug\hiview.pdb" /SUBSYSTEM:CONSOLE /STACK:"10000000" /TLBID:1 /DYNAMICBASE /NXCOMPAT /IMPLIB:"D:/Workspace/kinect/libfreenect/build/bin/Debug/hiview.lib" /MACHINE:X86 hiview.dir\Debug\hiview.exe.embed.manifest.res
         hiview.dir\Debug\hiview.obj  /machine:X86 /debug 
       Manifest:
         C:\Program Files\Microsoft SDKs\Windows\v7.0A\bin\mt.exe /nologo /verbose /out:"hiview.dir\Debug\hiview.exe.embed.manifest" /manifest hiview.dir\Debug\hiview.exe.intermediate.manifest
         C:\Program Files\Microsoft SDKs\Windows\v7.0A\bin\rc.exe /nologo /fo"hiview.dir\Debug\hiview.exe.embed.manifest.res" hiview.dir\Debug\hiview_manifest.rc 
       LinkEmbedManifest:
         D:\Dev\VC\bin\link.exe /ERRORREPORT:PROMPT /OUT:"D:\Workspace\kinect\libfreenect\build\bin\Debug\hiview.exe" /INCREMENTAL /NOLOGO kernel32.lib user32.lib gdi32.lib winspool.lib shell32.lib ole32.lib oleaut32.lib uuid.lib comdlg32.lib advapi32.lib ..\lib\Debug\freenect.lib glu32.lib opengl32.lib "D:\Workspace\kinect\pthreads-w32-2-8-0-release\lib\pthreadVC2.lib" "D:\Workspace\kinect\libusb-win32-bin-1.2.5.0\lib\msvc\libusb.lib" "D:\Workspace\kinect\glut-3.7.6-bin\glut32.lib" /MANIFEST /ManifestFile:"hiview.dir\Debug\hiview.exe.intermediate.manifest" /MANIFESTUAC:"level='asInvoker' uiAccess='false'" /DEBUG /PDB:"D:\Workspace\kinect\libfreenect\build\bin\Debug\hiview.pdb" /SUBSYSTEM:CONSOLE /STACK:"10000000" /TLBID:1 /DYNAMICBASE /NXCOMPAT /IMPLIB:"D:/Workspace/kinect/libfreenect/build/bin/Debug/hiview.lib" /MACHINE:X86 hiview.dir\Debug\hiview.exe.embed.manifest.res
         hiview.dir\Debug\hiview.obj  /machine:X86 /debug 
         hiview.vcxproj -> D:\Workspace\kinect\libfreenect\build\bin\Debug\hiview.exe
       FinalizeBuildStatus:
         Deleting file "hiview.dir\Debug\hiview.unsuccessfulbuild".
         Touching "hiview.dir\Debug\hiview.lastbuildstate".
     1>Done Building Project "D:\Workspace\kinect\libfreenect\build\examples\hiview.vcxproj" (build target(s)).

Build succeeded.

Time Elapsed 00:00:00.64
