Build started 8/13/2011 3:26:11 PM.
     1>Project "D:\Workspace\kinect\libfreenect\build\wrappers\c_sync\freenect_sync_static.vcxproj" on node 4 (build target(s)).
     1>InitializeBuildStatus:
         Creating "freenect_sync_static.dir\Debug\freenect_sync_static.unsuccessfulbuild" because "AlwaysCreate" was specified.
       CustomBuild:
         Building Custom Rule D:/Workspace/kinect/libfreenect/wrappers/c_sync/CMakeLists.txt
         CMake does not need to re-run because D:\Workspace\kinect\libfreenect\build\wrappers\c_sync\CMakeFiles\generate.stamp is up-to-date.
       ClCompile:
         D:\Dev\VC\bin\CL.exe /c /ID:/Workspace/kinect/libfreenect/include /I"D:/Workspace/kinect/libusb-win32-bin-1.2.5.0/include" /ID:/Workspace/kinect/libfreenect/platform/windows /ID:/Workspace/kinect/libfreenect/platform/windows/libusb10emu /I"D:/Workspace/kinect/pthreads-w32-2-8-0-release/include" /Zi /nologo /Wall /WX- /Od /Ob0 /Oy- /D WIN32 /D _WINDOWS /D _DEBUG /D "CMAKE_INTDIR=\"Debug\"" /D _MBCS /Gm- /EHsc /RTC1 /MDd /GS /fp:precise /Zc:wchar_t /Zc:forScope /GR /Fo"freenect_sync_static.dir\Debug\\" /Fd"D:/Workspace/kinect/libfreenect/build/lib/Debug/freenect_sync.pdb" /Gd /TP /analyze- /errorReport:prompt D:\Workspace\kinect\libfreenect\wrappers\c_sync\libfreenect_sync.c  /Zm1000 
         libfreenect_sync.c
     1>D:\Workspace\kinect\pthreads-w32-2-8-0-release\include\pthread.h(213): warning C4668: 'HAVE_CONFIG_H' is not defined as a preprocessor macro, replacing with '0' for '#if/#elif'
     1>D:\Workspace\kinect\pthreads-w32-2-8-0-release\include\pthread.h(223): warning C4668: 'HAVE_SIGNAL_H' is not defined as a preprocessor macro, replacing with '0' for '#if/#elif'
     1>D:\Dev\VC\include\setjmp.h(252): warning C4987: nonstandard extension used: 'throw (...)'
     1>D:\Workspace\kinect\pthreads-w32-2-8-0-release\include\sched.h(69): warning C4668: '__GNUC__' is not defined as a preprocessor macro, replacing with '0' for '#if/#elif'
     1>D:\Workspace\kinect\pthreads-w32-2-8-0-release\include\pthread.h(526): warning C4668: '__GNUC__' is not defined as a preprocessor macro, replacing with '0' for '#if/#elif'
     1>D:\Workspace\kinect\pthreads-w32-2-8-0-release\include\pthread.h(950): warning C4668: 'PTW32_LEVEL' is not defined as a preprocessor macro, replacing with '0' for '#if/#elif'
     1>D:\Workspace\kinect\pthreads-w32-2-8-0-release\include\pthread.h(950): warning C4668: 'PTW32_LEVEL_MAX' is not defined as a preprocessor macro, replacing with '0' for '#if/#elif'
     1>D:\Workspace\kinect\pthreads-w32-2-8-0-release\include\pthread.h(1125): warning C4668: 'PTW32_LEVEL' is not defined as a preprocessor macro, replacing with '0' for '#if/#elif'
     1>D:\Workspace\kinect\pthreads-w32-2-8-0-release\include\pthread.h(1125): warning C4668: 'PTW32_LEVEL_MAX' is not defined as a preprocessor macro, replacing with '0' for '#if/#elif'
     1>D:\Workspace\kinect\pthreads-w32-2-8-0-release\include\pthread.h(1181): warning C4668: 'PTW32_LEVEL' is not defined as a preprocessor macro, replacing with '0' for '#if/#elif'
     1>D:\Workspace\kinect\pthreads-w32-2-8-0-release\include\pthread.h(1181): warning C4668: 'PTW32_LEVEL_MAX' is not defined as a preprocessor macro, replacing with '0' for '#if/#elif'
     1>D:\Workspace\kinect\pthreads-w32-2-8-0-release\include\pthread.h(1279): warning C4668: 'PTW32_LEVEL' is not defined as a preprocessor macro, replacing with '0' for '#if/#elif'
     1>D:\Workspace\kinect\pthreads-w32-2-8-0-release\include\pthread.h(1279): warning C4668: 'PTW32_LEVEL_MAX' is not defined as a preprocessor macro, replacing with '0' for '#if/#elif'
     1>D:\Dev\VC\include\stdint.h(105): warning C4668: '_INTPTR' is not defined as a preprocessor macro, replacing with '0' for '#if/#elif'
     1>D:\Workspace\kinect\libfreenect\include\libfreenect.h(129): warning C4820: '<unnamed-tag>' : '1' bytes padding added after data member '<unnamed-tag>::tilt_angle'
     1>D:\Workspace\kinect\libfreenect\wrappers\c_sync\libfreenect_sync.c(84): warning C4061: enumerator 'FREENECT_VIDEO_DUMMY' in switch of enum 'freenect_video_format' is not explicitly handled by a case label
                 D:\Workspace\kinect\libfreenect\include\libfreenect.h(62) : see declaration of 'freenect_video_format'
     1>D:\Workspace\kinect\libfreenect\wrappers\c_sync\libfreenect_sync.c(84): warning C4061: enumerator 'FREENECT_VIDEO_YUV_RAW' in switch of enum 'freenect_video_format' is not explicitly handled by a case label
                 D:\Workspace\kinect\libfreenect\include\libfreenect.h(62) : see declaration of 'freenect_video_format'
     1>D:\Workspace\kinect\libfreenect\wrappers\c_sync\libfreenect_sync.c(84): warning C4061: enumerator 'FREENECT_VIDEO_YUV_RGB' in switch of enum 'freenect_video_format' is not explicitly handled by a case label
                 D:\Workspace\kinect\libfreenect\include\libfreenect.h(62) : see declaration of 'freenect_video_format'
     1>D:\Workspace\kinect\libfreenect\wrappers\c_sync\libfreenect_sync.c(86): warning C4365: 'argument' : conversion from 'int' to 'size_t', signed/unsigned mismatch
     1>D:\Workspace\kinect\libfreenect\wrappers\c_sync\libfreenect_sync.c(106): warning C4061: enumerator 'FREENECT_DEPTH_DUMMY' in switch of enum 'freenect_depth_format' is not explicitly handled by a case label
                 D:\Workspace\kinect\libfreenect\include\libfreenect.h(75) : see declaration of 'freenect_depth_format'
     1>D:\Workspace\kinect\libfreenect\wrappers\c_sync\libfreenect_sync.c(108): warning C4365: 'argument' : conversion from 'int' to 'size_t', signed/unsigned mismatch
     1>D:\Workspace\kinect\libfreenect\wrappers\c_sync\libfreenect_sync.c(178): warning C4100: 'unused' : unreferenced formal parameter
     1>D:\Dev\VC\include\swprintf.inl(36): warning C4514: 'swprintf' : unreferenced inline function has been removed
     1>D:\Dev\VC\include\swprintf.inl(49): warning C4514: 'vswprintf' : unreferenced inline function has been removed
     1>D:\Dev\VC\include\swprintf.inl(60): warning C4514: '_swprintf_l' : unreferenced inline function has been removed
     1>D:\Dev\VC\include\swprintf.inl(73): warning C4514: '_vswprintf_l' : unreferenced inline function has been removed
     1>D:\Dev\VC\include\swprintf.inl(85): warning C4514: 'swprintf' : unreferenced inline function has been removed
     1>D:\Dev\VC\include\swprintf.inl(97): warning C4514: 'vswprintf' : unreferenced inline function has been removed
     1>D:\Dev\VC\include\swprintf.inl(105): warning C4514: '_swprintf_l' : unreferenced inline function has been removed
     1>D:\Dev\VC\include\swprintf.inl(117): warning C4514: '_vswprintf_l' : unreferenced inline function has been removed
     1>D:\Dev\VC\include\stdio.h(440): warning C4514: 'getwchar' : unreferenced inline function has been removed
     1>D:\Dev\VC\include\stdio.h(442): warning C4514: 'putwchar' : unreferenced inline function has been removed
     1>D:\Dev\VC\include\wtime.inl(44): warning C4514: '_wctime' : unreferenced inline function has been removed
     1>D:\Dev\VC\include\wtime.inl(52): warning C4514: '_wctime_s' : unreferenced inline function has been removed
     1>D:\Dev\VC\include\time.inl(82): warning C4514: 'difftime' : unreferenced inline function has been removed
     1>D:\Dev\VC\include\time.inl(86): warning C4514: 'ctime' : unreferenced inline function has been removed
     1>D:\Dev\VC\include\time.inl(94): warning C4514: 'ctime_s' : unreferenced inline function has been removed
     1>D:\Dev\VC\include\time.inl(99): warning C4514: 'gmtime' : unreferenced inline function has been removed
     1>D:\Dev\VC\include\time.inl(107): warning C4514: 'gmtime_s' : unreferenced inline function has been removed
     1>D:\Dev\VC\include\time.inl(112): warning C4514: 'localtime' : unreferenced inline function has been removed
     1>D:\Dev\VC\include\time.inl(119): warning C4514: 'localtime_s' : unreferenced inline function has been removed
     1>D:\Dev\VC\include\time.inl(123): warning C4514: 'mktime' : unreferenced inline function has been removed
     1>D:\Dev\VC\include\time.inl(127): warning C4514: '_mkgmtime' : unreferenced inline function has been removed
     1>D:\Dev\VC\include\time.inl(131): warning C4514: 'time' : unreferenced inline function has been removed
     1>D:\Dev\VC\include\string.h(115): warning C4514: 'strnlen_s' : unreferenced inline function has been removed
     1>D:\Dev\VC\include\string.h(214): warning C4514: 'strchr' : unreferenced inline function has been removed
     1>D:\Dev\VC\include\string.h(216): warning C4514: 'strpbrk' : unreferenced inline function has been removed
     1>D:\Dev\VC\include\string.h(218): warning C4514: 'strrchr' : unreferenced inline function has been removed
     1>D:\Dev\VC\include\string.h(220): warning C4514: 'strstr' : unreferenced inline function has been removed
     1>D:\Dev\VC\include\string.h(225): warning C4514: 'memchr' : unreferenced inline function has been removed
     1>D:\Dev\VC\include\string.h(288): warning C4514: 'wcsnlen_s' : unreferenced inline function has been removed
     1>D:\Dev\VC\include\string.h(361): warning C4514: 'wcschr' : unreferenced inline function has been removed
     1>D:\Dev\VC\include\string.h(363): warning C4514: 'wcspbrk' : unreferenced inline function has been removed
     1>D:\Dev\VC\include\string.h(365): warning C4514: 'wcsrchr' : unreferenced inline function has been removed
     1>D:\Dev\VC\include\string.h(367): warning C4514: 'wcsstr' : unreferenced inline function has been removed
     1>D:\Dev\VC\include\stdlib.h(467): warning C4514: 'abs' : unreferenced inline function has been removed
     1>D:\Dev\VC\include\stdlib.h(471): warning C4514: 'abs' : unreferenced inline function has been removed
     1>D:\Dev\VC\include\stdlib.h(475): warning C4514: 'div' : unreferenced inline function has been removed
     1>D:\Dev\VC\include\stdlib.h(479): warning C4514: 'div' : unreferenced inline function has been removed
     1>D:\Dev\VC\include\yvals.h(773): warning C4514: 'std::_Mutex::_Mutex' : unreferenced inline function has been removed
       Lib:
         D:\Dev\VC\bin\Lib.exe /OUT:"D:\Workspace\kinect\libfreenect\build\lib\Debug\freenect_sync.lib" /NOLOGO freenect_sync_static.dir\Debug\libfreenect_sync.obj
         freenect_sync_static.vcxproj -> D:\Workspace\kinect\libfreenect\build\lib\Debug\freenect_sync.lib
       FinalizeBuildStatus:
         Deleting file "freenect_sync_static.dir\Debug\freenect_sync_static.unsuccessfulbuild".
         Touching "freenect_sync_static.dir\Debug\freenect_sync_static.lastbuildstate".
     1>Done Building Project "D:\Workspace\kinect\libfreenect\build\wrappers\c_sync\freenect_sync_static.vcxproj" (build target(s)).

Build succeeded.

Time Elapsed 00:00:00.21
